#
# A fatal error has been detected by the Java Runtime Environment:
#
#  Internal Error (javaCalls.cpp:62), pid=10228, tid=6900
#  guarantee(thread->is_Java_thread()) failed: crucial check - the VM thread cannot and must not escape to Java code
#
# JRE version: Java(TM) SE Runtime Environment (7.0_67-b01) (build 1.7.0_67-b01)
# Java VM: Java HotSpot(TM) 64-Bit Server VM (24.65-b04 mixed mode windows-amd64 compressed oops)
# Failed to write core dump. Minidumps are not enabled by default on client versions of Windows
#
# If you would like to submit a bug report, please visit:
#   http://bugreport.sun.com/bugreport/crash.jsp
#

---------------  T H R E A D  ---------------

Current thread (0x000000000897c000):  VMThread [stack: 0x0000000009990000,0x0000000009a90000] [id=6900]

Stack: [0x0000000009990000,0x0000000009a90000]
[error occurred during error reporting (printing stack bounds), id 0xc0000005]


[error occurred during error reporting (printing native stack), id 0xc0000005]

VM_Operation (0x000000000acaf040): GetOrSetLocal, mode: safepoint, requested by thread 0x00000000089fc800


---------------  P R O C E S S  ---------------

Java Threads: ( => current thread )
  0x000000000acc9000 JavaThread "Service Thread" daemon [_thread_blocked, id=7604, stack(0x000000000b6f0000,0x000000000b7f0000)]
  0x000000000acc6800 JavaThread "C2 CompilerThread1" daemon [_thread_blocked, id=2800, stack(0x000000000b5a0000,0x000000000b6a0000)]
  0x000000000acc1000 JavaThread "C2 CompilerThread0" daemon [_thread_blocked, id=3516, stack(0x000000000b390000,0x000000000b490000)]
  0x00000000089ff800 JavaThread "JDWP Command Reader" daemon [_thread_in_native, id=8292, stack(0x000000000aa80000,0x000000000ab80000)]
  0x000000000acb2800 JavaThread "JDWP Event Helper Thread" daemon [_thread_blocked, id=9604, stack(0x000000000b140000,0x000000000b240000)]
  0x00000000089fc800 JavaThread "JDWP Transport Listener: dt_socket" daemon [_thread_blocked, id=8636, stack(0x000000000abb0000,0x000000000acb0000)]
  0x00000000089ee000 JavaThread "Attach Listener" daemon [_thread_blocked, id=9880, stack(0x0000000009e90000,0x0000000009f90000)]
  0x00000000089a4000 JavaThread "Signal Dispatcher" daemon [_thread_blocked, id=9356, stack(0x0000000009d30000,0x0000000009e30000)]
  0x0000000008988800 JavaThread "Finalizer" daemon [_thread_blocked, id=9544, stack(0x0000000009a90000,0x0000000009b90000)]
  0x0000000008981800 JavaThread "Reference Handler" daemon [_thread_blocked, id=9212, stack(0x0000000009850000,0x0000000009950000)]
  0x0000000002768000 JavaThread "main" [_thread_blocked, id=4416, stack(0x0000000002a70000,0x0000000002b70000)]

Other Threads:
=>0x000000000897c000 VMThread [stack: 0x0000000009990000,0x0000000009a90000] [id=6900]
  0x000000000ace4000 WatcherThread [stack: 0x000000000b250000,0x000000000b350000] [id=7696]

VM state:at safepoint (normal execution)

VM Mutex/Monitor currently owned by a thread:  ([mutex/lock_event])
[0x000000000287d600] Threads_lock - owner thread: 0x000000000897c000

Heap
 PSYoungGen      total 257536K, used 153145K [0x00000000ebc00000, 0x0000000100000000, 0x0000000100000000)
  eden space 183296K, 83% used [0x00000000ebc00000,0x00000000f512e540,0x00000000f6f00000)
  from space 74240K, 0% used [0x00000000f6f00000,0x00000000f6f60000,0x00000000fb780000)
  to   space 74240K, 0% used [0x00000000fb780000,0x00000000fb780000,0x0000000100000000)
 ParOldGen       total 436736K, used 369430K [0x00000000c3400000, 0x00000000dde80000, 0x00000000ebc00000)
  object space 436736K, 84% used [0x00000000c3400000,0x00000000d9cc5800,0x00000000dde80000)
 PSPermGen       total 21504K, used 8276K [0x00000000be200000, 0x00000000bf700000, 0x00000000c3400000)
  object space 21504K, 38% used [0x00000000be200000,0x00000000bea15130,0x00000000bf700000)

Card table byte_map: [0x0000000005b70000,0x0000000005d80000] byte_map_base: 0x000000000557f000

Polling page: 0x0000000000120000

Code Cache  [0x0000000002b70000, 0x0000000002de0000, 0x0000000005b70000)
 total_blobs=768 nmethods=491 adapters=238 free_code_cache=46907Kb largest_free_block=47878592

Compilation events (10 events):
Event: 53.936 Thread 0x000000000acc6800 nmethod 550 0x0000000002bf6d90 code [0x0000000002bf7040, 0x0000000002bf8f70]
Event: 54.077 Thread 0x000000000acc1000 nmethod 551 0x0000000002db6310 code [0x0000000002db67e0, 0x0000000002dba270]
Event: 54.116 Thread 0x000000000acc6800  552             edu.stanford.nlp.tagger.maxent.TestSentence::leftWindow (8 bytes)
Event: 54.117 Thread 0x000000000acc6800 nmethod 552 0x0000000002cc0950 code [0x0000000002cc0a80, 0x0000000002cc0b18]
Event: 54.125 Thread 0x000000000acc1000  553             edu.stanford.nlp.sequences.ExactBestSequenceFinder::bestSequenceNew (849 bytes)
Event: 54.130 Thread 0x000000000acc6800  554             edu.stanford.nlp.tagger.maxent.TTags::getIndex (11 bytes)
Event: 54.141 Thread 0x000000000acc6800 nmethod 554 0x0000000002c4dad0 code [0x0000000002c4dc40, 0x0000000002c4e1a8]
Event: 54.331 Thread 0x000000000acc1000 nmethod 553 0x0000000002dbd790 code [0x0000000002dbdaa0, 0x0000000002dc30f0]
Event: 70.566 Thread 0x000000000acc6800  555             java.util.ArrayList::indexOf (67 bytes)
Event: 70.572 Thread 0x000000000acc6800 nmethod 555 0x0000000002caab90 code [0x0000000002caad00, 0x0000000002cab298]

GC Heap History (10 events):
Event: 46.534 GC heap before
{Heap before GC invocations=57 (full 4):
 PSYoungGen      total 259584K, used 217984K [0x00000000ebc00000, 0x00000000ffd00000, 0x0000000100000000)
  eden space 189440K, 100% used [0x00000000ebc00000,0x00000000f7500000,0x00000000f7500000)
  from space 70144K, 40% used [0x00000000fb880000,0x00000000fd460020,0x00000000ffd00000)
  to   space 69120K, 0% used [0x00000000f7500000,0x00000000f7500000,0x00000000fb880000)
 ParOldGen       total 436736K, used 341237K [0x00000000c3400000, 0x00000000dde80000, 0x00000000ebc00000)
  object space 436736K, 78% used [0x00000000c3400000,0x00000000d813d7d0,0x00000000dde80000)
 PSPermGen       total 21504K, used 8180K [0x00000000be200000, 0x00000000bf700000, 0x00000000c3400000)
  object space 21504K, 38% used [0x00000000be200000,0x00000000be9fd360,0x00000000bf700000)
Event: 46.575 GC heap after
Heap after GC invocations=57 (full 4):
 PSYoungGen      total 258560K, used 26240K [0x00000000ebc00000, 0x00000000ffd00000, 0x0000000100000000)
  eden space 189440K, 0% used [0x00000000ebc00000,0x00000000ebc00000,0x00000000f7500000)
  from space 69120K, 37% used [0x00000000f7500000,0x00000000f8ea0010,0x00000000fb880000)
  to   space 68096K, 0% used [0x00000000fba80000,0x00000000fba80000,0x00000000ffd00000)
 ParOldGen       total 436736K, used 343509K [0x00000000c3400000, 0x00000000dde80000, 0x00000000ebc00000)
  object space 436736K, 78% used [0x00000000c3400000,0x00000000d83757e0,0x00000000dde80000)
 PSPermGen       total 21504K, used 8180K [0x00000000be200000, 0x00000000bf700000, 0x00000000c3400000)
  object space 21504K, 38% used [0x00000000be200000,0x00000000be9fd360,0x00000000bf700000)
}
Event: 46.711 GC heap before
{Heap before GC invocations=58 (full 4):
 PSYoungGen      total 258560K, used 215680K [0x00000000ebc00000, 0x00000000ffd00000, 0x0000000100000000)
  eden space 189440K, 100% used [0x00000000ebc00000,0x00000000f7500000,0x00000000f7500000)
  from space 69120K, 37% used [0x00000000f7500000,0x00000000f8ea0010,0x00000000fb880000)
  to   space 68096K, 0% used [0x00000000fba80000,0x00000000fba80000,0x00000000ffd00000)
 ParOldGen       total 436736K, used 343509K [0x00000000c3400000, 0x00000000dde80000, 0x00000000ebc00000)
  object space 436736K, 78% used [0x00000000c3400000,0x00000000d83757e0,0x00000000dde80000)
 PSPermGen       total 21504K, used 8180K [0x00000000be200000, 0x00000000bf700000, 0x00000000c3400000)
  object space 21504K, 38% used [0x00000000be200000,0x00000000be9fd360,0x00000000bf700000)
Event: 46.752 GC heap after
Heap after GC invocations=58 (full 4):
 PSYoungGen      total 256512K, used 416K [0x00000000ebc00000, 0x0000000100000000, 0x0000000100000000)
  eden space 188416K, 0% used [0x00000000ebc00000,0x00000000ebc00000,0x00000000f7400000)
  from space 68096K, 0% used [0x00000000fba80000,0x00000000fbae8000,0x00000000ffd00000)
  to   space 71680K, 0% used [0x00000000f7400000,0x00000000f7400000,0x00000000fba00000)
 ParOldGen       total 436736K, used 369406K [0x00000000c3400000, 0x00000000dde80000, 0x00000000ebc00000)
  object space 436736K, 84% used [0x00000000c3400000,0x00000000d9cbf800,0x00000000dde80000)
 PSPermGen       total 21504K, used 8180K [0x00000000be200000, 0x00000000bf700000, 0x00000000c3400000)
  object space 21504K, 38% used [0x00000000be200000,0x00000000be9fd360,0x00000000bf700000)
}
Event: 46.883 GC heap before
{Heap before GC invocations=59 (full 4):
 PSYoungGen      total 256512K, used 188832K [0x00000000ebc00000, 0x0000000100000000, 0x0000000100000000)
  eden space 188416K, 100% used [0x00000000ebc00000,0x00000000f7400000,0x00000000f7400000)
  from space 68096K, 0% used [0x00000000fba80000,0x00000000fbae8000,0x00000000ffd00000)
  to   space 71680K, 0% used [0x00000000f7400000,0x00000000f7400000,0x00000000fba00000)
 ParOldGen       total 436736K, used 369406K [0x00000000c3400000, 0x00000000dde80000, 0x00000000ebc00000)
  object space 436736K, 84% used [0x00000000c3400000,0x00000000d9cbf800,0x00000000dde80000)
 PSPermGen       total 21504K, used 8180K [0x00000000be200000, 0x00000000bf700000, 0x00000000c3400000)
  object space 21504K, 38% used [0x00000000be200000,0x00000000be9fd360,0x00000000bf700000)
Event: 46.899 GC heap after
Heap after GC invocations=59 (full 4):
 PSYoungGen      total 188928K, used 448K [0x00000000ebc00000, 0x0000000100000000, 0x0000000100000000)
  eden space 188416K, 0% used [0x00000000ebc00000,0x00000000ebc00000,0x00000000f7400000)
  from space 512K, 87% used [0x00000000f7400000,0x00000000f7470000,0x00000000f7480000)
  to   space 73216K, 0% used [0x00000000fb880000,0x00000000fb880000,0x0000000100000000)
 ParOldGen       total 436736K, used 369422K [0x00000000c3400000, 0x00000000dde80000, 0x00000000ebc00000)
  object space 436736K, 84% used [0x00000000c3400000,0x00000000d9cc3800,0x00000000dde80000)
 PSPermGen       total 21504K, used 8180K [0x00000000be200000, 0x00000000bf700000, 0x00000000c3400000)
  object space 21504K, 38% used [0x00000000be200000,0x00000000be9fd360,0x00000000bf700000)
}
Event: 47.032 GC heap before
{Heap before GC invocations=60 (full 4):
 PSYoungGen      total 188928K, used 188864K [0x00000000ebc00000, 0x0000000100000000, 0x0000000100000000)
  eden space 188416K, 100% used [0x00000000ebc00000,0x00000000f7400000,0x00000000f7400000)
  from space 512K, 87% used [0x00000000f7400000,0x00000000f7470000,0x00000000f7480000)
  to   space 73216K, 0% used [0x00000000fb880000,0x00000000fb880000,0x0000000100000000)
 ParOldGen       total 436736K, used 369422K [0x00000000c3400000, 0x00000000dde80000, 0x00000000ebc00000)
  object space 436736K, 84% used [0x00000000c3400000,0x00000000d9cc3800,0x00000000dde80000)
 PSPermGen       total 21504K, used 8180K [0x00000000be200000, 0x00000000bf700000, 0x00000000c3400000)
  object space 21504K, 38% used [0x00000000be200000,0x00000000be9fd360,0x00000000bf700000)
Event: 47.047 GC heap after
Heap after GC invocations=60 (full 4):
 PSYoungGen      total 256512K, used 384K [0x00000000ebc00000, 0x0000000100000000, 0x0000000100000000)
  eden space 183296K, 0% used [0x00000000ebc00000,0x00000000ebc00000,0x00000000f6f00000)
  from space 73216K, 0% used [0x00000000fb880000,0x00000000fb8e0000,0x0000000100000000)
  to   space 74240K, 0% used [0x00000000f6f00000,0x00000000f6f00000,0x00000000fb780000)
 ParOldGen       total 436736K, used 369422K [0x00000000c3400000, 0x00000000dde80000, 0x00000000ebc00000)
  object space 436736K, 84% used [0x00000000c3400000,0x00000000d9cc3800,0x00000000dde80000)
 PSPermGen       total 21504K, used 8180K [0x00000000be200000, 0x00000000bf700000, 0x00000000c3400000)
  object space 21504K, 38% used [0x00000000be200000,0x00000000be9fd360,0x00000000bf700000)
}
Event: 47.181 GC heap before
{Heap before GC invocations=61 (full 4):
 PSYoungGen      total 256512K, used 183680K [0x00000000ebc00000, 0x0000000100000000, 0x0000000100000000)
  eden space 183296K, 100% used [0x00000000ebc00000,0x00000000f6f00000,0x00000000f6f00000)
  from space 73216K, 0% used [0x00000000fb880000,0x00000000fb8e0000,0x0000000100000000)
  to   space 74240K, 0% used [0x00000000f6f00000,0x00000000f6f00000,0x00000000fb780000)
 ParOldGen       total 436736K, used 369422K [0x00000000c3400000, 0x00000000dde80000, 0x00000000ebc00000)
  object space 436736K, 84% used [0x00000000c3400000,0x00000000d9cc3800,0x00000000dde80000)
 PSPermGen       total 21504K, used 8180K [0x00000000be200000, 0x00000000bf700000, 0x00000000c3400000)
  object space 21504K, 38% used [0x00000000be200000,0x00000000be9fd360,0x00000000bf700000)
Event: 47.201 GC heap after
Heap after GC invocations=61 (full 4):
 PSYoungGen      total 257536K, used 384K [0x00000000ebc00000, 0x0000000100000000, 0x0000000100000000)
  eden space 183296K, 0% used [0x00000000ebc00000,0x00000000ebc00000,0x00000000f6f00000)
  from space 74240K, 0% used [0x00000000f6f00000,0x00000000f6f60000,0x00000000fb780000)
  to   space 74240K, 0% used [0x00000000fb780000,0x00000000fb780000,0x0000000100000000)
 ParOldGen       total 436736K, used 369430K [0x00000000c3400000, 0x00000000dde80000, 0x00000000ebc00000)
  object space 436736K, 84% used [0x00000000c3400000,0x00000000d9cc5800,0x00000000dde80000)
 PSPermGen       total 21504K, used 8180K [0x00000000be200000, 0x00000000bf700000, 0x00000000c3400000)
  object space 21504K, 38% used [0x00000000be200000,0x00000000be9fd360,0x00000000bf700000)
}

Deoptimization events (10 events):
Event: 54.211 Thread 0x0000000002768000 Uncommon trap: reason=class_check action=maybe_recompile pc=0x0000000002c26bd8 method=java.io.Writer.write(Ljava/lang/String;)V @ 7
Event: 54.221 Thread 0x0000000002768000 Uncommon trap: reason=class_check action=maybe_recompile pc=0x0000000002c8a238 method=java.util.HashMap$KeySet.iterator()Ljava/util/Iterator; @ 4
Event: 54.221 Thread 0x0000000002768000 Uncommon trap: reason=class_check action=maybe_recompile pc=0x0000000002c8a238 method=java.util.HashMap$KeySet.iterator()Ljava/util/Iterator; @ 4
Event: 54.221 Thread 0x0000000002768000 Uncommon trap: reason=class_check action=maybe_recompile pc=0x0000000002c26bd8 method=java.io.Writer.write(Ljava/lang/String;)V @ 7
Event: 70.566 Thread 0x0000000002768000 Uncommon trap: reason=class_check action=maybe_recompile pc=0x0000000002c8e284 method=java.util.ArrayList.indexOf(Ljava/lang/Object;)I @ 51
Event: 70.566 Thread 0x0000000002768000 Uncommon trap: reason=class_check action=maybe_recompile pc=0x0000000002c8e284 method=java.util.ArrayList.indexOf(Ljava/lang/Object;)I @ 51
Event: 70.568 Thread 0x0000000002768000 Uncommon trap: reason=unreached action=reinterpret pc=0x0000000002d3a9cc method=ir.ac.itrc.qqa.semantic.reasoning.SemanticReasoner.composeStatement(Lir/ac/itrc/qqa/semantic/reasoning/PlausibleQuestion;Lir/ac/itrc/qqa/semantic/reasoning/PlausibleAnswer;)Lja
Event: 70.568 Thread 0x0000000002768000 Uncommon trap: reason=unreached action=reinterpret pc=0x0000000002d3bf1c method=ir.ac.itrc.qqa.semantic.reasoning.SemanticReasoner.ComposePlausibleQuestion(Lir/ac/itrc/qqa/semantic/kb/Node;Lir/ac/itrc/qqa/semantic/kb/Node;Lir/ac/itrc/qqa/semantic/kb/Node;Z*³°–W¤Q@
Event: 70.568 Thread 0x0000000002768000 Uncommon trap: reason=unreached action=reinterpret pc=0x0000000002c06000 method=ir.ac.itrc.qqa.semantic.reasoning.History.composeSearchKey(Ljava/lang/String;Lir/ac/itrc/qqa/semantic/kb/Node;Lir/ac/itrc/qqa/semantic/kb/Node;Lir/ac/itrc/qqa/semantic/kb/Node;ªØÙ,X¤Q@
Event: 70.568 Thread 0x0000000002768000 Uncommon trap: reason=unreached action=reinterpret pc=0x0000000002d6e29c method=ir.ac.itrc.qqa.semantic.reasoning.SemanticReasoner.recall(Lir/ac/itrc/qqa/semantic/reasoning/PlausibleQuestion;Lir/ac/itrc/qqa/semantic/kb/Node;)Ljava/util/ArrayList; @ 53

Internal exceptions (10 events):
Event: 43.975 Thread 0x0000000002768000 Implicit null exception at 0x0000000002c9b9e4 to 0x0000000002c9bb69
Event: 43.990 Thread 0x0000000002768000 Implicit null exception at 0x0000000002c4a064 to 0x0000000002c4a611
Event: 47.260 Thread 0x0000000002768000 Threw 0x00000000f0c24130 at C:\re\jdk7u67\1368\hotspot\src\share\vm\prims\jvm.cpp:1244
Event: 53.832 Thread 0x0000000002768000 Threw 0x00000000f0c266f0 at C:\re\jdk7u67\1368\hotspot\src\share\vm\prims\jvm.cpp:1244
Event: 53.833 Thread 0x0000000002768000 Threw 0x00000000f0c27ac0 at C:\re\jdk7u67\1368\hotspot\src\share\vm\prims\jvm.cpp:1244
Event: 53.842 Thread 0x0000000002768000 Threw 0x00000000f0c2ab00 at C:\re\jdk7u67\1368\hotspot\src\share\vm\prims\jvm.cpp:1244
Event: 70.568 Thread 0x0000000002768000 Implicit null exception at 0x0000000002d39ea5 to 0x0000000002d3a9ad
Event: 70.568 Thread 0x0000000002768000 Implicit null exception at 0x0000000002d3b951 to 0x0000000002d3bee9
Event: 391.790 Thread 0x0000000002768000 Threw 0x00000000f4de44f8 at C:\re\jdk7u67\1368\hotspot\src\share\vm\prims\jvm.cpp:1244
Event: 391.791 Thread 0x0000000002768000 Threw 0x00000000f4de58d8 at C:\re\jdk7u67\1368\hotspot\src\share\vm\prims\jvm.cpp:1244

Events (10 events):
Event: 514.183 Executing VM operation: ChangeBreakpoints done
Event: 514.185 Executing VM operation: EnterInterpOnlyMode
Event: 514.185 Executing VM operation: EnterInterpOnlyMode done
Event: 514.185 Executing VM operation: GetCurrentLocation
Event: 514.185 Executing VM operation: GetCurrentLocation done
Event: 514.185 Executing VM operation: ChangeSingleStep
Event: 514.185 Executing VM operation: ChangeSingleStep done
Event: 514.185 Executing VM operation: ChangeSingleStep
Event: 514.185 Executing VM operation: ChangeSingleStep done
Event: 514.216 Executing VM operation: GetOrSetLocal


Dynamic libraries:
0x000000013f220000 - 0x000000013f253000 	C:\Program Files\Java\jre7\bin\javaw.exe
0x0000000077a30000 - 0x0000000077bdb000 	C:\Windows\SYSTEM32\ntdll.dll
0x0000000077810000 - 0x000000007792f000 	C:\Windows\system32\kernel32.dll
0x000007fefda60000 - 0x000007fefdacb000 	C:\Windows\system32\KERNELBASE.dll
0x000007feffc50000 - 0x000007feffd2b000 	C:\Windows\system32\ADVAPI32.dll
0x000007fefe8c0000 - 0x000007fefe95f000 	C:\Windows\system32\msvcrt.dll
0x000007fefe260000 - 0x000007fefe27f000 	C:\Windows\SYSTEM32\sechost.dll
0x000007fefe3f0000 - 0x000007fefe51e000 	C:\Windows\system32\RPCRT4.dll
0x0000000077930000 - 0x0000000077a2a000 	C:\Windows\system32\USER32.dll
0x000007fefe1f0000 - 0x000007fefe257000 	C:\Windows\system32\GDI32.dll
0x000007fefdd60000 - 0x000007fefdd6e000 	C:\Windows\system32\LPK.dll
0x000007fefe300000 - 0x000007fefe3ca000 	C:\Windows\system32\USP10.dll
0x000007fefc2f0000 - 0x000007fefc4e4000 	C:\Windows\WinSxS\amd64_microsoft.windows.common-controls_6595b64144ccf1df_6.0.7600.16385_none_fa645303170382f6\COMCTL32.dll
0x000007fefdd70000 - 0x000007fefdde1000 	C:\Windows\system32\SHLWAPI.dll
0x000007fefe630000 - 0x000007fefe65e000 	C:\Windows\system32\IMM32.DLL
0x000007fefe520000 - 0x000007fefe629000 	C:\Windows\system32\MSCTF.dll
0x000007fefd950000 - 0x000007fefd990000 	C:\Windows\system32\nvinitx.dll
0x000000000f000000 - 0x000000000f006000 	C:\Program Files\NVIDIA Corporation\CoProcManager\_etoured.dll
0x000007fef9d20000 - 0x000007fef9d76000 	C:\Program Files\NVIDIA Corporation\CoProcManager\nvd3d9wrapx.dll
0x000007fefde90000 - 0x000007fefe067000 	C:\Windows\system32\SETUPAPI.dll
0x000007fefdd20000 - 0x000007fefdd56000 	C:\Windows\system32\CFGMGR32.dll
0x000007feff910000 - 0x000007feff9e7000 	C:\Windows\system32\OLEAUT32.dll
0x000007feff9f0000 - 0x000007feffbf1000 	C:\Windows\system32\ole32.dll
0x000007fefda40000 - 0x000007fefda5a000 	C:\Windows\system32\DEVOBJ.dll
0x000007fef9c40000 - 0x000007fef9c7d000 	C:\Program Files\NVIDIA Corporation\CoProcManager\nvdxgiwrapx.dll
0x000000005e190000 - 0x000000005e262000 	C:\Program Files\Java\jre7\bin\msvcr100.dll
0x0000000050660000 - 0x0000000050e32000 	C:\Program Files\Java\jre7\bin\server\jvm.dll
0x000007fef7490000 - 0x000007fef7499000 	C:\Windows\system32\WSOCK32.dll
0x000007feffc00000 - 0x000007feffc4d000 	C:\Windows\system32\WS2_32.dll
0x000007feffd30000 - 0x000007feffd38000 	C:\Windows\system32\NSI.dll
0x000007fefbc40000 - 0x000007fefbc7b000 	C:\Windows\system32\WINMM.dll
0x0000000077c00000 - 0x0000000077c07000 	C:\Windows\system32\PSAPI.DLL
0x0000000071510000 - 0x000000007151f000 	C:\Program Files\Java\jre7\bin\verify.dll
0x0000000070410000 - 0x0000000070438000 	C:\Program Files\Java\jre7\bin\java.dll
0x0000000062b50000 - 0x0000000062b85000 	C:\Program Files\Java\jre7\bin\jdwp.dll
0x0000000070380000 - 0x0000000070388000 	C:\Program Files\Java\jre7\bin\npt.dll
0x0000000070450000 - 0x0000000070465000 	C:\Program Files\Java\jre7\bin\zip.dll
0x0000000070360000 - 0x0000000070369000 	C:\Program Files\Java\jre7\bin\dt_socket.dll
0x000007fefbc20000 - 0x000007fefbc35000 	C:\Windows\system32\NLAapi.dll
0x000007fefd180000 - 0x000007fefd1d4000 	C:\Windows\System32\mswsock.dll
0x000007fefd000000 - 0x000007fefd05b000 	C:\Windows\system32\DNSAPI.dll
0x000007fef4880000 - 0x000007fef488b000 	C:\Windows\System32\winrnr.dll
0x000007fef4860000 - 0x000007fef4875000 	C:\Windows\system32\napinsp.dll
0x000007fef4840000 - 0x000007fef4859000 	C:\Windows\system32\pnrpnsp.dll
0x000007fef4830000 - 0x000007fef4840000 	C:\Windows\system32\wshbth.dll
0x0000000072d60000 - 0x0000000072d86000 	C:\Program Files\Bonjour\mdnsNSP.dll
0x000007fefb4e0000 - 0x000007fefb507000 	C:\Windows\system32\Iphlpapi.DLL
0x000007fefb4d0000 - 0x000007fefb4db000 	C:\Windows\system32\WINNSI.DLL
0x000007fef8dd0000 - 0x000007fef8dff000 	C:\Program Files\Common Files\Microsoft Shared\Windows Live\WLIDNSP.DLL
0x000007fefb350000 - 0x000007fefb3a3000 	C:\Windows\System32\fwpuclnt.dll
0x000007fef8dc0000 - 0x000007fef8dc8000 	C:\Windows\system32\rasadhlp.dll
0x000007fefcb20000 - 0x000007fefcb27000 	C:\Windows\System32\wshtcpip.dll
0x000000006ff90000 - 0x000000006ffa9000 	C:\Program Files\Java\jre7\bin\net.dll
0x000007fefd170000 - 0x000007fefd177000 	C:\Windows\System32\wship6.dll
0x000000006ff70000 - 0x000000006ff81000 	C:\Program Files\Java\jre7\bin\nio.dll
0x000007fefd7e0000 - 0x000007fefd837000 	C:\Windows\system32\apphelp.dll

VM Arguments:
jvm_args: -agentlib:jdwp=transport=dt_socket,suspend=y,address=localhost:54696 -Dfile.encoding=UTF-8 
java_command: userInterface.UI
Launcher Type: SUN_STANDARD

Environment Variables:
JAVA_HOME=C:\Program Files\Java\jdk1.7.0_67
CLASSPATH=.
PATH=C:\Program Files\Common Files\Microsoft Shared\Windows Live;C:\Program Files (x86)\Common Files\Microsoft Shared\Windows Live;C:\Program Files (x86)\texlive\2014\bin\win32;C:\Program Files (x86)\NVIDIA Corporation\PhysX\Common;C:\Windows\system32;C:\Windows;C:\Windows\System32\Wbem;C:\Windows\System32\WindowsPowerShell\v1.0\;D:\software_sources\office\Tex\XePersian_Portable\texlive\2010\bin\win32;D:\software_sources\office\Tex\XePersian_Portable\texworks;C:\Program Files (x86)\Python27\;C:\Program Files (x86)\Instant Reality\bin\;.;..;C:\Program Files (x86)\QuickTime\QTSystem\;C:\Program Files\Java\jdk1.7.0_67\jre\bin;C:\Program Files (x86)\Windows Live\Shared;C:\Program Files (x86)\OpenVPN\bin;C:\Program Files (x86)\dar64-2.4.8-i386-windows;C:\Program Files\graphviz-2.30.1\release\bin;
USERNAME=Ahmadi
OS=Windows_NT
PROCESSOR_IDENTIFIER=Intel64 Family 6 Model 37 Stepping 5, GenuineIntel



---------------  S Y S T E M  ---------------

OS: Windows 7 , 64 bit Build 7600 

CPU:total 4 (2 cores per cpu, 2 threads per core) family 6 model 37 stepping 5, cmov, cx8, fxsr, mmx, sse, sse2, sse3, ssse3, sse4.1, sse4.2, popcnt, ht, tsc, tscinvbit

Memory: 4k page, physical 3977508k(854972k free), swap 9979968k(4392756k free)

vm_info: Java HotSpot(TM) 64-Bit Server VM (24.65-b04) for windows-amd64 JRE (1.7.0_67-b01), built on Jul 25 2014 08:55:00 by "java_re" with unknown MS VC++:1600

time: Sat May 23 15:28:06 2015
elapsed time: 514 seconds

